=== Update Check: 2025-08-20 04:14:31 ===
Device: UPS890 (20141)
Location: สำนักงานการไฟฟ้าส่วนภูมิภาค จังหวัดพะเยา
Last Update: 2024-04-01 15:15:03 (728279 minutes ago)

Device: UPS040 (20140)
Location: สำนักงานการไฟฟ้าส่วนภูมิภาค จังหวัดลำปาง
Last Update: 2025-08-14 10:51:05 (8543 minutes ago)

Device: UPS880 (20086)
Location: สำนักงานการไฟฟ้าส่วนภูมิภาค จังหวัดเชียงราย
Last Update: 2025-08-14 10:56:20 (8538 minutes ago)

Device: UPS054 (20087)
Location: สำนักงานการไฟฟ้าส่วนภูมิภาค จังหวัดเชียงราย
Last Update: 2025-08-14 11:03:55 (8530 minutes ago)

Device: UPS114 (20122)
Location: สำนักงานการไฟฟ้าส่วนภูมิภาค จังหวัดลำพูน
Last Update: 2025-08-14 11:05:13 (8529 minutes ago)

Device: UPS217 (20179)
Location: สำนักงานการไฟฟ้าส่วนภูมิภาค อำเภอสันป่าตอง
Last Update: 2025-08-14 11:08:24 (8526 minutes ago)

Device: UPS216 (20900)
Location: สำนักงานการไฟฟ้าส่วนภูมิภาค จังหวัดแม่ฮ่องสอน
Last Update: 2025-08-14 11:08:26 (8526 minutes ago)

Device: UPS153 (20038)
Location: สำนักงานการไฟฟ้าเขต 1 ภาคเหนือ (จังหวัดเชียงใหม่)
Last Update: 2025-08-14 11:07:37 (8526 minutes ago)

Device: UPS111 (20081)
Location: สำนักงานการไฟฟ้าเขต 1 ภาคเหนือ (จังหวัดเชียงใหม่)
Last Update: 2025-08-14 11:08:15 (8526 minutes ago)

Device: UPS069 (20110)
Location: สำนักงานการไฟฟ้าส่วนภูมิภาค จังหวัดพะเยา
Last Update: 2025-08-14 11:09:16 (8525 minutes ago)

Device: UPS030 (20159)
Location: สำนักงานการไฟฟ้าส่วนภูมิภาค อำเภอฝาง
Last Update: 2025-08-14 11:10:22 (8524 minutes ago)

Device: UPS196 (20169)
Location: สำนักงานการไฟฟ้าเขต 1 ภาคเหนือ (จังหวัดเชียงใหม่)
Last Update: 2025-08-14 11:10:20 (8524 minutes ago)

Device: UPS062 (20022)
Location: สำนักงานการไฟฟ้าส่วนภูมิภาค อำเภอฝาง
Last Update: 2025-08-14 11:09:27 (8524 minutes ago)

Device: UPS194 (20111)
Location: สำนักงานการไฟฟ้าเขต 1 ภาคเหนือ (จังหวัดเชียงใหม่)
Last Update: 2025-08-14 11:10:52 (8523 minutes ago)

Device: UPS143 (20196)
Location: สำนักงานการไฟฟ้าส่วนภูมิภาค จังหวัดเชียงใหม่
Last Update: 2025-08-14 11:11:27 (8522 minutes ago)

Device: UPS115 (20152)
Location: สำนักงานการไฟฟ้าส่วนภูมิภาค จังหวัดเชียงใหม่
Last Update: 2025-08-14 11:12:05 (8522 minutes ago)

Device: UPS065 (20054)
Location: สำนักงานการไฟฟ้าส่วนภูมิภาค อำเภอสันทราย
Last Update: 2025-08-14 11:12:34 (8521 minutes ago)

Device: UPS106 (20043)
Location: สำนักงานการไฟฟ้าส่วนภูมิภาค อำเภอสันทราย
Last Update: 2025-08-14 11:13:26 (8521 minutes ago)

Device: UPS214 (20090)
Location: สำนักงานการไฟฟ้าส่วนภูมิภาค จังหวัดลำพูน
Last Update: 2025-08-14 11:13:07 (8521 minutes ago)

Device: UPS104 (20112)
Location: สำนักงานการไฟฟ้าส่วนภูมิภาค จังหวัดลำปาง
Last Update: 2025-08-14 11:14:05 (8520 minutes ago)

Device: UPS020 (20216)
Location: สำนักงานการไฟฟ้าเขต 1 ภาคเหนือ (จังหวัดเชียงใหม่)
Last Update: 2025-08-14 11:14:11 (8520 minutes ago)

Device: UPS020 (20326)
Location: สำนักงานการไฟฟ้าส่วนภูมิภาค สาขาอำเภอทับคล้อ
Last Update: 2025-08-14 11:14:11 (8520 minutes ago)

Device: UPS116 (20876)
Location: สำนักงานการไฟฟ้าส่วนภูมิภาค จังหวัดเชียงใหม่
Last Update: 2025-08-14 11:14:49 (8519 minutes ago)

Device: UPS107 (20103)
Location: สำนักงานการไฟฟ้าเขต 1 ภาคเหนือ (จังหวัดเชียงใหม่)
Last Update: 2025-08-14 11:14:42 (8519 minutes ago)

Device: UPS129 (20018)
Location: สำนักงานการไฟฟ้าส่วนภูมิภาค อำเภอสันป่าตอง
Last Update: 2025-08-14 11:15:18 (8519 minutes ago)

Device: UPS094 (20893)
Location: สำนักงานการไฟฟ้าส่วนภูมิภาค จังหวัดแม่ฮ่องสอน
Last Update: 2025-08-14 11:14:30 (8519 minutes ago)

Device: UPS017 (20072)
Location: สำนักงานการไฟฟ้าเขต 1 ภาคเหนือ (จังหวัดเชียงใหม่)
Last Update: 2025-08-14 11:16:10 (8518 minutes ago)

Device: UPS060 (20097)
Location: สำนักงานการไฟฟ้าส่วนภูมิภาค อำเภอแม่สาย
Last Update: 2025-08-14 11:16:14 (8518 minutes ago)

Device: UPS063 (20190)
Location: สำนักงานการไฟฟ้าส่วนภูมิภาค อำเภอแม่สาย
Last Update: 2025-08-14 11:15:50 (8518 minutes ago)

Device: UPS179 (20079)
Location: สำนักงานการไฟฟ้าส่วนภูมิภาค จังหวัดเชียงใหม่
Last Update: 2025-08-14 11:15:59 (8518 minutes ago)

Device: UPS199 (20139)
Location: สำนักงานการไฟฟ้าเขต 1 ภาคเหนือ (จังหวัดเชียงใหม่)
Last Update: 2025-08-14 11:15:42 (8518 minutes ago)

=== Update Check: 2025-08-20 04:15:30 ===
Device: UPS890 (20141)
Location: สำนักงานการไฟฟ้าส่วนภูมิภาค จังหวัดพะเยา
Last Update: 2024-04-01 15:15:03 (728280 minutes ago)

Device: UPS040 (20140)
Location: สำนักงานการไฟฟ้าส่วนภูมิภาค จังหวัดลำปาง
Last Update: 2025-08-14 10:51:05 (8544 minutes ago)

Device: UPS880 (20086)
Location: สำนักงานการไฟฟ้าส่วนภูมิภาค จังหวัดเชียงราย
Last Update: 2025-08-14 10:56:20 (8539 minutes ago)

Device: UPS054 (20087)
Location: สำนักงานการไฟฟ้าส่วนภูมิภาค จังหวัดเชียงราย
Last Update: 2025-08-14 11:03:55 (8531 minutes ago)

Device: UPS114 (20122)
Location: สำนักงานการไฟฟ้าส่วนภูมิภาค จังหวัดลำพูน
Last Update: 2025-08-14 11:05:13 (8530 minutes ago)

Device: UPS217 (20179)
Location: สำนักงานการไฟฟ้าส่วนภูมิภาค อำเภอสันป่าตอง
Last Update: 2025-08-14 11:08:24 (8527 minutes ago)

Device: UPS153 (20038)
Location: สำนักงานการไฟฟ้าเขต 1 ภาคเหนือ (จังหวัดเชียงใหม่)
Last Update: 2025-08-14 11:07:37 (8527 minutes ago)

Device: UPS111 (20081)
Location: สำนักงานการไฟฟ้าเขต 1 ภาคเหนือ (จังหวัดเชียงใหม่)
Last Update: 2025-08-14 11:08:15 (8527 minutes ago)

Device: UPS216 (20900)
Location: สำนักงานการไฟฟ้าส่วนภูมิภาค จังหวัดแม่ฮ่องสอน
Last Update: 2025-08-14 11:08:26 (8526 minutes ago)

Device: UPS069 (20110)
Location: สำนักงานการไฟฟ้าส่วนภูมิภาค จังหวัดพะเยา
Last Update: 2025-08-14 11:09:16 (8526 minutes ago)

Device: UPS030 (20159)
Location: สำนักงานการไฟฟ้าส่วนภูมิภาค อำเภอฝาง
Last Update: 2025-08-14 11:10:22 (8525 minutes ago)

Device: UPS196 (20169)
Location: สำนักงานการไฟฟ้าเขต 1 ภาคเหนือ (จังหวัดเชียงใหม่)
Last Update: 2025-08-14 11:10:20 (8525 minutes ago)

Device: UPS062 (20022)
Location: สำนักงานการไฟฟ้าส่วนภูมิภาค อำเภอฝาง
Last Update: 2025-08-14 11:09:27 (8525 minutes ago)

Device: UPS194 (20111)
Location: สำนักงานการไฟฟ้าเขต 1 ภาคเหนือ (จังหวัดเชียงใหม่)
Last Update: 2025-08-14 11:10:52 (8524 minutes ago)

Device: UPS143 (20196)
Location: สำนักงานการไฟฟ้าส่วนภูมิภาค จังหวัดเชียงใหม่
Last Update: 2025-08-14 11:11:27 (8523 minutes ago)

Device: UPS115 (20152)
Location: สำนักงานการไฟฟ้าส่วนภูมิภาค จังหวัดเชียงใหม่
Last Update: 2025-08-14 11:12:05 (8523 minutes ago)

Device: UPS065 (20054)
Location: สำนักงานการไฟฟ้าส่วนภูมิภาค อำเภอสันทราย
Last Update: 2025-08-14 11:12:34 (8522 minutes ago)

Device: UPS214 (20090)
Location: สำนักงานการไฟฟ้าส่วนภูมิภาค จังหวัดลำพูน
Last Update: 2025-08-14 11:13:07 (8522 minutes ago)

Device: UPS104 (20112)
Location: สำนักงานการไฟฟ้าส่วนภูมิภาค จังหวัดลำปาง
Last Update: 2025-08-14 11:14:05 (8521 minutes ago)

Device: UPS020 (20216)
Location: สำนักงานการไฟฟ้าเขต 1 ภาคเหนือ (จังหวัดเชียงใหม่)
Last Update: 2025-08-14 11:14:11 (8521 minutes ago)

Device: UPS020 (20326)
Location: สำนักงานการไฟฟ้าส่วนภูมิภาค สาขาอำเภอทับคล้อ
Last Update: 2025-08-14 11:14:11 (8521 minutes ago)

Device: UPS106 (20043)
Location: สำนักงานการไฟฟ้าส่วนภูมิภาค อำเภอสันทราย
Last Update: 2025-08-14 11:13:26 (8521 minutes ago)

Device: UPS116 (20876)
Location: สำนักงานการไฟฟ้าส่วนภูมิภาค จังหวัดเชียงใหม่
Last Update: 2025-08-14 11:14:49 (8520 minutes ago)

Device: UPS107 (20103)
Location: สำนักงานการไฟฟ้าเขต 1 ภาคเหนือ (จังหวัดเชียงใหม่)
Last Update: 2025-08-14 11:14:42 (8520 minutes ago)

Device: UPS129 (20018)
Location: สำนักงานการไฟฟ้าส่วนภูมิภาค อำเภอสันป่าตอง
Last Update: 2025-08-14 11:15:18 (8520 minutes ago)

Device: UPS094 (20893)
Location: สำนักงานการไฟฟ้าส่วนภูมิภาค จังหวัดแม่ฮ่องสอน
Last Update: 2025-08-14 11:14:30 (8520 minutes ago)

Device: UPS017 (20072)
Location: สำนักงานการไฟฟ้าเขต 1 ภาคเหนือ (จังหวัดเชียงใหม่)
Last Update: 2025-08-14 11:16:10 (8519 minutes ago)

Device: UPS060 (20097)
Location: สำนักงานการไฟฟ้าส่วนภูมิภาค อำเภอแม่สาย
Last Update: 2025-08-14 11:16:14 (8519 minutes ago)

Device: UPS063 (20190)
Location: สำนักงานการไฟฟ้าส่วนภูมิภาค อำเภอแม่สาย
Last Update: 2025-08-14 11:15:50 (8519 minutes ago)

Device: UPS179 (20079)
Location: สำนักงานการไฟฟ้าส่วนภูมิภาค จังหวัดเชียงใหม่
Last Update: 2025-08-14 11:15:59 (8519 minutes ago)

Device: UPS199 (20139)
Location: สำนักงานการไฟฟ้าเขต 1 ภาคเหนือ (จังหวัดเชียงใหม่)
Last Update: 2025-08-14 11:15:42 (8519 minutes ago)

=== Update Check: 2025-08-20 04:15:36 ===
Device: UPS890 (20141)
Location: สำนักงานการไฟฟ้าส่วนภูมิภาค จังหวัดพะเยา
Last Update: 2024-04-01 15:15:03 (728280 minutes ago)

Device: UPS040 (20140)
Location: สำนักงานการไฟฟ้าส่วนภูมิภาค จังหวัดลำปาง
Last Update: 2025-08-14 10:51:05 (8544 minutes ago)

Device: UPS880 (20086)
Location: สำนักงานการไฟฟ้าส่วนภูมิภาค จังหวัดเชียงราย
Last Update: 2025-08-14 10:56:20 (8539 minutes ago)

Device: UPS054 (20087)
Location: สำนักงานการไฟฟ้าส่วนภูมิภาค จังหวัดเชียงราย
Last Update: 2025-08-14 11:03:55 (8531 minutes ago)

Device: UPS114 (20122)
Location: สำนักงานการไฟฟ้าส่วนภูมิภาค จังหวัดลำพูน
Last Update: 2025-08-14 11:05:13 (8530 minutes ago)

Device: UPS217 (20179)
Location: สำนักงานการไฟฟ้าส่วนภูมิภาค อำเภอสันป่าตอง
Last Update: 2025-08-14 11:08:24 (8527 minutes ago)

Device: UPS216 (20900)
Location: สำนักงานการไฟฟ้าส่วนภูมิภาค จังหวัดแม่ฮ่องสอน
Last Update: 2025-08-14 11:08:26 (8527 minutes ago)

Device: UPS153 (20038)
Location: สำนักงานการไฟฟ้าเขต 1 ภาคเหนือ (จังหวัดเชียงใหม่)
Last Update: 2025-08-14 11:07:37 (8527 minutes ago)

Device: UPS111 (20081)
Location: สำนักงานการไฟฟ้าเขต 1 ภาคเหนือ (จังหวัดเชียงใหม่)
Last Update: 2025-08-14 11:08:15 (8527 minutes ago)

Device: UPS062 (20022)
Location: สำนักงานการไฟฟ้าส่วนภูมิภาค อำเภอฝาง
Last Update: 2025-08-14 11:09:27 (8526 minutes ago)

Device: UPS069 (20110)
Location: สำนักงานการไฟฟ้าส่วนภูมิภาค จังหวัดพะเยา
Last Update: 2025-08-14 11:09:16 (8526 minutes ago)

Device: UPS030 (20159)
Location: สำนักงานการไฟฟ้าส่วนภูมิภาค อำเภอฝาง
Last Update: 2025-08-14 11:10:22 (8525 minutes ago)

Device: UPS196 (20169)
Location: สำนักงานการไฟฟ้าเขต 1 ภาคเหนือ (จังหวัดเชียงใหม่)
Last Update: 2025-08-14 11:10:20 (8525 minutes ago)

Device: UPS143 (20196)
Location: สำนักงานการไฟฟ้าส่วนภูมิภาค จังหวัดเชียงใหม่
Last Update: 2025-08-14 11:11:27 (8524 minutes ago)

Device: UPS194 (20111)
Location: สำนักงานการไฟฟ้าเขต 1 ภาคเหนือ (จังหวัดเชียงใหม่)
Last Update: 2025-08-14 11:10:52 (8524 minutes ago)

Device: UPS115 (20152)
Location: สำนักงานการไฟฟ้าส่วนภูมิภาค จังหวัดเชียงใหม่
Last Update: 2025-08-14 11:12:05 (8523 minutes ago)

Device: UPS065 (20054)
Location: สำนักงานการไฟฟ้าส่วนภูมิภาค อำเภอสันทราย
Last Update: 2025-08-14 11:12:34 (8522 minutes ago)

Device: UPS106 (20043)
Location: สำนักงานการไฟฟ้าส่วนภูมิภาค อำเภอสันทราย
Last Update: 2025-08-14 11:13:26 (8522 minutes ago)

Device: UPS214 (20090)
Location: สำนักงานการไฟฟ้าส่วนภูมิภาค จังหวัดลำพูน
Last Update: 2025-08-14 11:13:07 (8522 minutes ago)

Device: UPS104 (20112)
Location: สำนักงานการไฟฟ้าส่วนภูมิภาค จังหวัดลำปาง
Last Update: 2025-08-14 11:14:05 (8521 minutes ago)

Device: UPS020 (20216)
Location: สำนักงานการไฟฟ้าเขต 1 ภาคเหนือ (จังหวัดเชียงใหม่)
Last Update: 2025-08-14 11:14:11 (8521 minutes ago)

Device: UPS020 (20326)
Location: สำนักงานการไฟฟ้าส่วนภูมิภาค สาขาอำเภอทับคล้อ
Last Update: 2025-08-14 11:14:11 (8521 minutes ago)

Device: UPS094 (20893)
Location: สำนักงานการไฟฟ้าส่วนภูมิภาค จังหวัดแม่ฮ่องสอน
Last Update: 2025-08-14 11:14:30 (8521 minutes ago)

Device: UPS116 (20876)
Location: สำนักงานการไฟฟ้าส่วนภูมิภาค จังหวัดเชียงใหม่
Last Update: 2025-08-14 11:14:49 (8520 minutes ago)

Device: UPS107 (20103)
Location: สำนักงานการไฟฟ้าเขต 1 ภาคเหนือ (จังหวัดเชียงใหม่)
Last Update: 2025-08-14 11:14:42 (8520 minutes ago)

Device: UPS129 (20018)
Location: สำนักงานการไฟฟ้าส่วนภูมิภาค อำเภอสันป่าตอง
Last Update: 2025-08-14 11:15:18 (8520 minutes ago)

Device: UPS017 (20072)
Location: สำนักงานการไฟฟ้าเขต 1 ภาคเหนือ (จังหวัดเชียงใหม่)
Last Update: 2025-08-14 11:16:10 (8519 minutes ago)

Device: UPS060 (20097)
Location: สำนักงานการไฟฟ้าส่วนภูมิภาค อำเภอแม่สาย
Last Update: 2025-08-14 11:16:14 (8519 minutes ago)

Device: UPS063 (20190)
Location: สำนักงานการไฟฟ้าส่วนภูมิภาค อำเภอแม่สาย
Last Update: 2025-08-14 11:15:50 (8519 minutes ago)

Device: UPS179 (20079)
Location: สำนักงานการไฟฟ้าส่วนภูมิภาค จังหวัดเชียงใหม่
Last Update: 2025-08-14 11:15:59 (8519 minutes ago)

Device: UPS199 (20139)
Location: สำนักงานการไฟฟ้าเขต 1 ภาคเหนือ (จังหวัดเชียงใหม่)
Last Update: 2025-08-14 11:15:42 (8519 minutes ago)

=== Update Check: 2025-08-20 04:15:43 ===
Device: UPS890 (20141)
Location: สำนักงานการไฟฟ้าส่วนภูมิภาค จังหวัดพะเยา
Last Update: 2024-04-01 15:15:03 (728280 minutes ago)

Device: UPS040 (20140)
Location: สำนักงานการไฟฟ้าส่วนภูมิภาค จังหวัดลำปาง
Last Update: 2025-08-14 10:51:05 (8544 minutes ago)

Device: UPS880 (20086)
Location: สำนักงานการไฟฟ้าส่วนภูมิภาค จังหวัดเชียงราย
Last Update: 2025-08-14 10:56:20 (8539 minutes ago)

Device: UPS054 (20087)
Location: สำนักงานการไฟฟ้าส่วนภูมิภาค จังหวัดเชียงราย
Last Update: 2025-08-14 11:03:55 (8531 minutes ago)

Device: UPS114 (20122)
Location: สำนักงานการไฟฟ้าส่วนภูมิภาค จังหวัดลำพูน
Last Update: 2025-08-14 11:05:13 (8530 minutes ago)

Device: UPS153 (20038)
Location: สำนักงานการไฟฟ้าเขต 1 ภาคเหนือ (จังหวัดเชียงใหม่)
Last Update: 2025-08-14 11:07:37 (8528 minutes ago)

Device: UPS217 (20179)
Location: สำนักงานการไฟฟ้าส่วนภูมิภาค อำเภอสันป่าตอง
Last Update: 2025-08-14 11:08:24 (8527 minutes ago)

Device: UPS216 (20900)
Location: สำนักงานการไฟฟ้าส่วนภูมิภาค จังหวัดแม่ฮ่องสอน
Last Update: 2025-08-14 11:08:26 (8527 minutes ago)

Device: UPS111 (20081)
Location: สำนักงานการไฟฟ้าเขต 1 ภาคเหนือ (จังหวัดเชียงใหม่)
Last Update: 2025-08-14 11:08:15 (8527 minutes ago)

Device: UPS062 (20022)
Location: สำนักงานการไฟฟ้าส่วนภูมิภาค อำเภอฝาง
Last Update: 2025-08-14 11:09:27 (8526 minutes ago)

Device: UPS069 (20110)
Location: สำนักงานการไฟฟ้าส่วนภูมิภาค จังหวัดพะเยา
Last Update: 2025-08-14 11:09:16 (8526 minutes ago)

Device: UPS030 (20159)
Location: สำนักงานการไฟฟ้าส่วนภูมิภาค อำเภอฝาง
Last Update: 2025-08-14 11:10:22 (8525 minutes ago)

Device: UPS196 (20169)
Location: สำนักงานการไฟฟ้าเขต 1 ภาคเหนือ (จังหวัดเชียงใหม่)
Last Update: 2025-08-14 11:10:20 (8525 minutes ago)

Device: UPS143 (20196)
Location: สำนักงานการไฟฟ้าส่วนภูมิภาค จังหวัดเชียงใหม่
Last Update: 2025-08-14 11:11:27 (8524 minutes ago)

Device: UPS194 (20111)
Location: สำนักงานการไฟฟ้าเขต 1 ภาคเหนือ (จังหวัดเชียงใหม่)
Last Update: 2025-08-14 11:10:52 (8524 minutes ago)

Device: UPS065 (20054)
Location: สำนักงานการไฟฟ้าส่วนภูมิภาค อำเภอสันทราย
Last Update: 2025-08-14 11:12:34 (8523 minutes ago)

Device: UPS115 (20152)
Location: สำนักงานการไฟฟ้าส่วนภูมิภาค จังหวัดเชียงใหม่
Last Update: 2025-08-14 11:12:05 (8523 minutes ago)

Device: UPS106 (20043)
Location: สำนักงานการไฟฟ้าส่วนภูมิภาค อำเภอสันทราย
Last Update: 2025-08-14 11:13:26 (8522 minutes ago)

Device: UPS214 (20090)
Location: สำนักงานการไฟฟ้าส่วนภูมิภาค จังหวัดลำพูน
Last Update: 2025-08-14 11:13:07 (8522 minutes ago)

Device: UPS104 (20112)
Location: สำนักงานการไฟฟ้าส่วนภูมิภาค จังหวัดลำปาง
Last Update: 2025-08-14 11:14:05 (8521 minutes ago)

Device: UPS020 (20216)
Location: สำนักงานการไฟฟ้าเขต 1 ภาคเหนือ (จังหวัดเชียงใหม่)
Last Update: 2025-08-14 11:14:11 (8521 minutes ago)

Device: UPS020 (20326)
Location: สำนักงานการไฟฟ้าส่วนภูมิภาค สาขาอำเภอทับคล้อ
Last Update: 2025-08-14 11:14:11 (8521 minutes ago)

Device: UPS094 (20893)
Location: สำนักงานการไฟฟ้าส่วนภูมิภาค จังหวัดแม่ฮ่องสอน
Last Update: 2025-08-14 11:14:30 (8521 minutes ago)

Device: UPS116 (20876)
Location: สำนักงานการไฟฟ้าส่วนภูมิภาค จังหวัดเชียงใหม่
Last Update: 2025-08-14 11:14:49 (8520 minutes ago)

Device: UPS107 (20103)
Location: สำนักงานการไฟฟ้าเขต 1 ภาคเหนือ (จังหวัดเชียงใหม่)
Last Update: 2025-08-14 11:14:42 (8520 minutes ago)

Device: UPS129 (20018)
Location: สำนักงานการไฟฟ้าส่วนภูมิภาค อำเภอสันป่าตอง
Last Update: 2025-08-14 11:15:18 (8520 minutes ago)

Device: UPS017 (20072)
Location: สำนักงานการไฟฟ้าเขต 1 ภาคเหนือ (จังหวัดเชียงใหม่)
Last Update: 2025-08-14 11:16:10 (8519 minutes ago)

Device: UPS060 (20097)
Location: สำนักงานการไฟฟ้าส่วนภูมิภาค อำเภอแม่สาย
Last Update: 2025-08-14 11:16:14 (8519 minutes ago)

Device: UPS063 (20190)
Location: สำนักงานการไฟฟ้าส่วนภูมิภาค อำเภอแม่สาย
Last Update: 2025-08-14 11:15:50 (8519 minutes ago)

Device: UPS179 (20079)
Location: สำนักงานการไฟฟ้าส่วนภูมิภาค จังหวัดเชียงใหม่
Last Update: 2025-08-14 11:15:59 (8519 minutes ago)

Device: UPS199 (20139)
Location: สำนักงานการไฟฟ้าเขต 1 ภาคเหนือ (จังหวัดเชียงใหม่)
Last Update: 2025-08-14 11:15:42 (8519 minutes ago)

